[NX Daemon Server] - 2025-03-30T21:20:58.026Z - Started listening on: /var/folders/73/7q08_v5s7q76bydny_316krw0000gn/T/95e7db94919b5c46d4e3/d.sock
[NX Daemon Server] - 2025-03-30T21:20:58.028Z - [WATCHER]: Subscribed to changes within: /Users/alex/Downloads/Interview/Zustand-Next-14-React-18 (native)
[NX Daemon Server] - 2025-03-30T21:20:58.038Z - Established a connection. Number of open connections: 1
[NX Daemon Server] - 2025-03-30T21:20:58.038Z - Established a connection. Number of open connections: 2
[NX Daemon Server] - 2025-03-30T21:20:58.039Z - Closed a connection. Number of open connections: 1
[NX Daemon Server] - 2025-03-30T21:20:58.039Z - [REQUEST]: Responding to the client. Shutdown initiated
[NX Daemon Server] - 2025-03-30T21:20:58.040Z - Done responding to the client Shutdown initiated
[NX Daemon Server] - 2025-03-30T21:20:58.040Z - Handled FORCE_SHUTDOWN. Handling time: 0. Response time: 1.
[NX Daemon Server] - 2025-03-30T21:20:58.040Z - Closed a connection. Number of open connections: 0
[NX Daemon Server] - 2025-03-30T21:20:58.040Z - [WATCHER]: Stopping the watcher for /Users/alex/Downloads/Interview/Zustand-Next-14-React-18 (sources)
[NX Daemon Server] - 2025-03-30T21:20:58.040Z - [WATCHER]: Stopping the watcher for /Users/alex/Downloads/Interview/Zustand-Next-14-React-18 (outputs)
[NX Daemon Server] - 2025-03-30T21:23:04.240Z - Started listening on: /var/folders/73/7q08_v5s7q76bydny_316krw0000gn/T/95e7db94919b5c46d4e3/d.sock
[NX Daemon Server] - 2025-03-30T21:23:04.242Z - [WATCHER]: Subscribed to changes within: /Users/alex/Downloads/Interview/Zustand-Next-14-React-18 (native)
[NX Daemon Server] - 2025-03-30T21:23:04.246Z - Established a connection. Number of open connections: 1
[NX Daemon Server] - 2025-03-30T21:23:04.246Z - Established a connection. Number of open connections: 2
[NX Daemon Server] - 2025-03-30T21:23:04.247Z - Closed a connection. Number of open connections: 1
[NX Daemon Server] - 2025-03-30T21:23:04.248Z - [REQUEST]: Client Request for Project Graph Received
[NX Daemon Server] - 2025-03-30T21:23:04.331Z - [REQUEST]: Updated workspace context based on watched changes, recomputing project graph...
[NX Daemon Server] - 2025-03-30T21:23:04.331Z - [REQUEST]: 
[NX Daemon Server] - 2025-03-30T21:23:04.331Z - [REQUEST]: 
[NX Daemon Server] - 2025-03-30T21:23:04.334Z - Time taken for 'loadNxPlugins' 82.311625ms
[NX Daemon Server] - 2025-03-30T21:23:04.355Z - Time taken for 'build-project-configs' 12.78925000000001ms
[NX Daemon Server] - 2025-03-30T21:23:04.387Z - [SYNC]: collect registered sync generators
[NX Daemon Server] - 2025-03-30T21:23:04.388Z - [SYNC]: scheduling: []
[NX Daemon Server] - 2025-03-30T21:23:04.388Z - [REQUEST]: Responding to the client. project-graph
[NX Daemon Server] - 2025-03-30T21:23:04.388Z - Time taken for 'total for creating and serializing project graph' 139.88491599999998ms
[NX Daemon Server] - 2025-03-30T21:23:04.390Z - Done responding to the client project-graph
[NX Daemon Server] - 2025-03-30T21:23:04.390Z - Handled REQUEST_PROJECT_GRAPH. Handling time: 140. Response time: 2.
[NX Daemon Server] - 2025-03-30T21:23:04.392Z - Closed a connection. Number of open connections: 0
[NX Daemon Server] - 2025-03-30T21:23:04.393Z - Established a connection. Number of open connections: 1
[NX Daemon Server] - 2025-03-30T21:23:04.393Z - Closed a connection. Number of open connections: 0
[NX Daemon Server] - 2025-03-30T21:23:04.393Z - Established a connection. Number of open connections: 1
[NX Daemon Server] - 2025-03-30T21:23:04.394Z - [REQUEST]: Responding to the client. handleContextFileData
[NX Daemon Server] - 2025-03-30T21:23:04.394Z - Done responding to the client handleContextFileData
[NX Daemon Server] - 2025-03-30T21:23:04.394Z - Handled GET_CONTEXT_FILE_DATA. Handling time: 0. Response time: 0.
[NX Daemon Server] - 2025-03-30T21:23:08.585Z - [WATCHER]: package.json was modified
[NX Daemon Server] - 2025-03-30T21:23:08.585Z - [WATCHER]: Processing file changes in outputs
[NX Daemon Server] - 2025-03-30T21:23:08.686Z - [REQUEST]: Updated workspace context based on watched changes, recomputing project graph...
[NX Daemon Server] - 2025-03-30T21:23:08.686Z - [REQUEST]: package.json
[NX Daemon Server] - 2025-03-30T21:23:08.686Z - [REQUEST]: 
[NX Daemon Server] - 2025-03-30T21:23:08.687Z - Time taken for 'hash changed files from watcher' 0.12208300000020245ms
[NX Daemon Server] - 2025-03-30T21:23:08.694Z - Time taken for 'build-project-configs' 5.938291999999819ms
[NX Daemon Server] - 2025-03-30T21:23:08.707Z - [SYNC]: collect registered sync generators
[NX Daemon Server] - 2025-03-30T21:23:08.707Z - [SYNC]: project graph hash is the same, not collecting task sync generators
[NX Daemon Server] - 2025-03-30T21:23:08.707Z - [SYNC]: nx.json hash is the same, not collecting global sync generators
[NX Daemon Server] - 2025-03-30T21:23:08.707Z - [SYNC]: scheduling: []
[NX Daemon Server] - 2025-03-30T21:23:08.707Z - Time taken for 'total execution time for createProjectGraph()' 11.517499999999927ms
[NX Daemon Server] - 2025-03-30T21:23:09.039Z - [REQUEST]: Client Request for Project Graph Received
[NX Daemon Server] - 2025-03-30T21:23:09.039Z - [REQUEST]: Responding to the client. project-graph
[NX Daemon Server] - 2025-03-30T21:23:09.039Z - Time taken for 'total for creating and serializing project graph' 0.4290419999997539ms
[NX Daemon Server] - 2025-03-30T21:23:09.040Z - Done responding to the client project-graph
[NX Daemon Server] - 2025-03-30T21:23:09.040Z - Handled REQUEST_PROJECT_GRAPH. Handling time: 0. Response time: 1.
[NX Daemon Server] - 2025-03-30T21:23:09.043Z - Closed a connection. Number of open connections: 0
[NX Daemon Server] - 2025-03-30T21:23:09.043Z - Established a connection. Number of open connections: 1
[NX Daemon Server] - 2025-03-30T21:23:09.044Z - Closed a connection. Number of open connections: 0
[NX Daemon Server] - 2025-03-30T21:23:09.044Z - Established a connection. Number of open connections: 1
[NX Daemon Server] - 2025-03-30T21:23:09.044Z - [REQUEST]: Responding to the client. handleContextFileData
[NX Daemon Server] - 2025-03-30T21:23:09.044Z - Done responding to the client handleContextFileData
[NX Daemon Server] - 2025-03-30T21:23:09.044Z - Handled GET_CONTEXT_FILE_DATA. Handling time: 0. Response time: 0.
[NX Daemon Server] - 2025-03-30T21:23:17.123Z - [WATCHER]: Processing file changes in outputs
[NX Daemon Server] - 2025-03-30T21:23:17.129Z - [WATCHER]: package.json was modified
[NX Daemon Server] - 2025-03-30T21:23:17.230Z - [REQUEST]: Updated workspace context based on watched changes, recomputing project graph...
[NX Daemon Server] - 2025-03-30T21:23:17.230Z - [REQUEST]: package.json
[NX Daemon Server] - 2025-03-30T21:23:17.230Z - [REQUEST]: 
[NX Daemon Server] - 2025-03-30T21:23:17.231Z - Time taken for 'hash changed files from watcher' 0.07733299999927112ms
[NX Daemon Server] - 2025-03-30T21:23:17.246Z - Time taken for 'build-project-configs' 11.547374999998283ms
[NX Daemon Server] - 2025-03-30T21:23:17.253Z - [WATCHER]: Processing file changes in outputs
[NX Daemon Server] - 2025-03-30T21:23:17.254Z - Closed a connection. Number of open connections: 0
[NX Daemon Server] - 2025-03-30T21:23:17.254Z - [WATCHER]: Stopping the watcher for /Users/alex/Downloads/Interview/Zustand-Next-14-React-18 (sources)
[NX Daemon Server] - 2025-03-30T21:23:17.254Z - [WATCHER]: Stopping the watcher for /Users/alex/Downloads/Interview/Zustand-Next-14-React-18 (outputs)
[NX Daemon Server] - 2025-03-30T21:23:17.256Z - Server stopped because: "LOCK_FILES_CHANGED"

 NX   Failed to parse npm lockfile

Please open an issue at `https://github.com/nrwl/nx/issues/new?template=1-bug.yml` and provide a reproduction.

Original error: Source project does not exist: npm:@typescript-eslint/eslint-plugin


Error: Source project does not exist: npm:@typescript-eslint/eslint-plugin
    at validateCommonDependencyRules (/Users/alex/Downloads/Interview/Zustand-Next-14-React-18/node_modules/nx/src/project-graph/project-graph-builder.js:318:15)
    at validateDependency (/Users/alex/Downloads/Interview/Zustand-Next-14-React-18/node_modules/nx/src/project-graph/project-graph-builder.js:314:5)
    at /Users/alex/Downloads/Interview/Zustand-Next-14-React-18/node_modules/nx/src/plugins/js/lock-file/npm-parser.js:156:76
    at Array.forEach (<anonymous>)
    at /Users/alex/Downloads/Interview/Zustand-Next-14-React-18/node_modules/nx/src/plugins/js/lock-file/npm-parser.js:148:45
    at Array.forEach (<anonymous>)
    at /Users/alex/Downloads/Interview/Zustand-Next-14-React-18/node_modules/nx/src/plugins/js/lock-file/npm-parser.js:146:15
    at Array.forEach (<anonymous>)
    at getDependencies (/Users/alex/Downloads/Interview/Zustand-Next-14-React-18/node_modules/nx/src/plugins/js/lock-file/npm-parser.js:136:39)
    at getNpmLockfileDependencies (/Users/alex/Downloads/Interview/Zustand-Next-14-React-18/node_modules/nx/src/plugins/js/lock-file/npm-parser.js:34:12)

[NX Daemon Server] - 2025-03-30T21:23:17.679Z - Started listening on: /var/folders/73/7q08_v5s7q76bydny_316krw0000gn/T/95e7db94919b5c46d4e3/d.sock
[NX Daemon Server] - 2025-03-30T21:23:17.680Z - [WATCHER]: Subscribed to changes within: /Users/alex/Downloads/Interview/Zustand-Next-14-React-18 (native)
[NX Daemon Server] - 2025-03-30T21:23:17.682Z - Established a connection. Number of open connections: 1
[NX Daemon Server] - 2025-03-30T21:23:17.682Z - Established a connection. Number of open connections: 2
[NX Daemon Server] - 2025-03-30T21:23:17.683Z - Closed a connection. Number of open connections: 1
[NX Daemon Server] - 2025-03-30T21:23:17.683Z - [REQUEST]: Client Request for Project Graph Received
[NX Daemon Server] - 2025-03-30T21:23:17.778Z - [REQUEST]: Updated workspace context based on watched changes, recomputing project graph...
[NX Daemon Server] - 2025-03-30T21:23:17.778Z - [REQUEST]: 
[NX Daemon Server] - 2025-03-30T21:23:17.778Z - [REQUEST]: 
[NX Daemon Server] - 2025-03-30T21:23:17.781Z - Time taken for 'loadNxPlugins' 93.870125ms
[NX Daemon Server] - 2025-03-30T21:23:17.803Z - Time taken for 'build-project-configs' 12.264499999999998ms
[NX Daemon Server] - 2025-03-30T21:23:17.841Z - [SYNC]: collect registered sync generators
[NX Daemon Server] - 2025-03-30T21:23:17.842Z - [SYNC]: scheduling: []
[NX Daemon Server] - 2025-03-30T21:23:17.842Z - [REQUEST]: Responding to the client. project-graph
[NX Daemon Server] - 2025-03-30T21:23:17.842Z - Time taken for 'total for creating and serializing project graph' 158.48620899999997ms
[NX Daemon Server] - 2025-03-30T21:23:17.846Z - Done responding to the client project-graph
[NX Daemon Server] - 2025-03-30T21:23:17.846Z - Handled REQUEST_PROJECT_GRAPH. Handling time: 159. Response time: 4.
[NX Daemon Server] - 2025-03-30T21:23:17.848Z - Closed a connection. Number of open connections: 0
[NX Daemon Server] - 2025-03-30T21:23:17.849Z - Established a connection. Number of open connections: 1
[NX Daemon Server] - 2025-03-30T21:23:17.849Z - Established a connection. Number of open connections: 2
[NX Daemon Server] - 2025-03-30T21:23:17.849Z - Closed a connection. Number of open connections: 1
[NX Daemon Server] - 2025-03-30T21:23:17.850Z - [REQUEST]: Responding to the client. handleContextFileData
[NX Daemon Server] - 2025-03-30T21:23:17.850Z - Done responding to the client handleContextFileData
[NX Daemon Server] - 2025-03-30T21:23:17.850Z - Handled GET_CONTEXT_FILE_DATA. Handling time: 1. Response time: 0.
